C51 COMPILER V9.57.0.0   MAIN                                                              09/11/2023 12:48:00 PAGE 1   


C51 COMPILER V9.57.0.0, COMPILATION OF MODULE MAIN
OBJECT MODULE PLACED IN .\Objects\main.obj
COMPILER INVOKED BY: D:\Keil_v5\C51\BIN\C51.EXE main.c OPTIMIZE(8,SPEED) BROWSE DEBUG OBJECTEXTEND PRINT(.\Listings\main
                    -.lst) TABS(2) OBJECT(.\Objects\main.obj)

line level    source

   1          #include <REGX52.H>
   2          #include <INTRINS.H>
   3          #define Long 250
   4          #define Short 100
   5          sbit BEEP=P2^5;
   6          
   7          void Delay(unsigned int xms)    //@11.0592MHz
   8          {
   9   1        while(xms)
  10   1        {
  11   2          unsigned char i, j;
  12   2      
  13   2          _nop_();
  14   2          i = 2;
  15   2          j = 199;
  16   2          do
  17   2          {
  18   3            while (--j);
  19   3          } while (--i);
  20   2          xms--;
  21   2        }
  22   1      }
  23          
  24          void  BEEPSOND(unsigned int num)
  25          {
  26   1        unsigned int i;
  27   1        for(i=0;i<num;i++)
  28   1        {
  29   2          BEEP=1;
  30   2          Delay(1);
  31   2          BEEP=0;
  32   2          Delay(1);
  33   2          
  34   2        }
  35   1      }
  36          
  37          void main()
  38          {
  39   1        while(1)
  40   1        {
  41   2          BEEPSOND(Long);
  42   2          Delay(1500);
  43   2          
  44   2          BEEPSOND(Long);
  45   2          Delay(1500);
  46   2          
  47   2          BEEPSOND(Long);
  48   2          Delay(1500);
  49   2          
  50   2          
  51   2          BEEPSOND(Short);
  52   2          Delay(1500);
  53   2          
  54   2          Delay(2000);
C51 COMPILER V9.57.0.0   MAIN                                                              09/11/2023 12:48:00 PAGE 2   

  55   2          
  56   2          
  57   2        }
  58   1      }
  59            
  60            


MODULE INFORMATION:   STATIC OVERLAYABLE
   CODE SIZE        =    110    ----
   CONSTANT SIZE    =   ----    ----
   XDATA SIZE       =   ----    ----
   PDATA SIZE       =   ----    ----
   DATA SIZE        =   ----       2
   IDATA SIZE       =   ----    ----
   BIT SIZE         =   ----    ----
END OF MODULE INFORMATION.


C51 COMPILATION COMPLETE.  0 WARNING(S),  0 ERROR(S)
