C51 COMPILER V9.57.0.0   MAIN                                                              10/22/2023 14:30:15 PAGE 1   


C51 COMPILER V9.57.0.0, COMPILATION OF MODULE MAIN
OBJECT MODULE PLACED IN .\Objects\main.obj
COMPILER INVOKED BY: D:\Keil_v5\C51\BIN\C51.EXE main.c OPTIMIZE(8,SPEED) BROWSE DEBUG OBJECTEXTEND PRINT(.\Listings\main
                    -.lst) TABS(2) OBJECT(.\Objects\main.obj)

line level    source

   1          #include <REGX52.H>
   2          #include <INTRINS.H>
   3          unsigned char aa;
   4          void delay_ms(unsigned int ms) {
   5   1          unsigned int i, j;
   6   1          for (i = 0; i < ms; i++)
   7   1              for (j = 0; j < 123; j++);
   8   1      }
   9          
  10          void main(){
  11   1        aa = 0xfe;
  12   1        while(1){
  13   2          P2 = aa;
  14   2          aa = _crol_(aa,1);
  15   2          delay_ms(500);
  16   2        }
  17   1      }
  18              
  19            


MODULE INFORMATION:   STATIC OVERLAYABLE
   CODE SIZE        =     60    ----
   CONSTANT SIZE    =   ----    ----
   XDATA SIZE       =   ----    ----
   PDATA SIZE       =   ----    ----
   DATA SIZE        =      1    ----
   IDATA SIZE       =   ----    ----
   BIT SIZE         =   ----    ----
END OF MODULE INFORMATION.


C51 COMPILATION COMPLETE.  0 WARNING(S),  0 ERROR(S)
