C51 COMPILER V9.57.0.0   MAIN                                                              10/22/2023 13:35:16 PAGE 1   


C51 COMPILER V9.57.0.0, COMPILATION OF MODULE MAIN
OBJECT MODULE PLACED IN .\Objects\main.obj
COMPILER INVOKED BY: D:\Keil_v5\C51\BIN\C51.EXE main.c OPTIMIZE(8,SPEED) BROWSE DEBUG OBJECTEXTEND PRINT(.\Listings\main
                    -.lst) TABS(2) OBJECT(.\Objects\main.obj)

line level    source

   1          #include <REGX52.H>
   2          void delay_ms(unsigned int ms) {
   3   1          unsigned int i, j;
   4   1          for (i = 0; i < ms; i++)
   5   1              for (j = 0; j < 123; j++);
   6   1      }
   7          
   8          
   9          void main(){
  10   1        int a[9]={0xff,0xfe,0xfd,0xfb,0xf7,0xef,0xdf,0xbf,0x7f};
  11   1        int i;
  12   1        while(1){
  13   2          for(i =0; i<9;i++){
  14   3            P2 = a[i];
  15   3            delay_ms(500);
  16   3            P2 = 0xff;
  17   3            
  18   3          }
  19   2        }
  20   1      }
  21          
  22                
  23              
  24            
  25            
  26            
  27            


MODULE INFORMATION:   STATIC OVERLAYABLE
   CODE SIZE        =     87    ----
   CONSTANT SIZE    =     18    ----
   XDATA SIZE       =   ----    ----
   PDATA SIZE       =   ----    ----
   DATA SIZE        =   ----      18
   IDATA SIZE       =   ----    ----
   BIT SIZE         =   ----    ----
END OF MODULE INFORMATION.


C51 COMPILATION COMPLETE.  0 WARNING(S),  0 ERROR(S)
