C51 COMPILER V9.01   MAIN                                                                  11/07/2023 09:09:37 PAGE 1   


C51 COMPILER V9.01, COMPILATION OF MODULE MAIN
OBJECT MODULE PLACED IN main.OBJ
COMPILER INVOKED BY: C:\Keil\C51\BIN\C51.EXE main.c BROWSE DEBUG OBJECTEXTEND

line level    source

   1          #include <REGX52.H>
   2          //定义一个数组来保存"HELLO"的字节
   3          unsigned char Hello[5][2]={{0xff,0x76},{0xfb,0x79},{0xf7,0x38},{0xf3,0x38},{0xef,0x3f}};
   4          void Delay(unsigned char xms)
   5          {
   6   1              unsigned char i,j;
   7   1              while(xms--)
   8   1              {
   9   2                      for(i=0,j=123;i<j;i++);
  10   2              
  11   2              
  12   2              }
  13   1      }
  14          
  15          void main()
  16          {
  17   1              unsigned char i;
  18   1              while(1)
  19   1              {
  20   2                      P0=0x00;
  21   2                      P2=0xff;
  22   2                      for(i=0;i<5;i++)
  23   2                      {
  24   3                      //给数码管一个反应时间
  25   3                              Delay(25);
  26   3                              P2=Hello[i][0];
  27   3                              Delay(25);
  28   3                              P0=Hello[i][1];
  29   3                              Delay(25);
  30   3                              P0=0x00;
  31   3                              P2=0xff;
  32   3                              Delay(25);
  33   3                      
  34   3                      }
  35   2              
  36   2              
  37   2              }
  38   1      
  39   1      
  40   1      
  41   1      }


MODULE INFORMATION:   STATIC OVERLAYABLE
   CODE SIZE        =     76    ----
   CONSTANT SIZE    =   ----    ----
   XDATA SIZE       =   ----    ----
   PDATA SIZE       =   ----    ----
   DATA SIZE        =     10    ----
   IDATA SIZE       =   ----    ----
   BIT SIZE         =   ----    ----
END OF MODULE INFORMATION.


C51 COMPILATION COMPLETE.  0 WARNING(S),  0 ERROR(S)
