C51 COMPILER V9.57.0.0   MAIN                                                              12/17/2023 22:03:01 PAGE 1   


C51 COMPILER V9.57.0.0, COMPILATION OF MODULE MAIN
OBJECT MODULE PLACED IN .\Objects\main.obj
COMPILER INVOKED BY: D:\Keil_v5\C51\BIN\C51.EXE main.c OPTIMIZE(8,SPEED) BROWSE DEBUG OBJECTEXTEND PRINT(.\Listings\main
                    -.lst) TABS(2) OBJECT(.\Objects\main.obj)

line level    source

   1          #include <REGX52.H>
   2          #include <REGX52.H>
   3          //对类型重新定义，
   4          typedef unsigned int u16;
   5          typedef unsigned char u8;
   6          
   7          
   8          //定义引脚，保持这个习惯，别直接对引脚操作
   9          sbit ADDR0 = P2^4;
  10          sbit ADDR1 = P2^3;
  11          sbit ADDR2 = P2^2;
  12          
  13          u8 i;
  14          u8 clock =0;
  15          
  16          //定义数码管显示0~9的数组
  17          u8 X[]={0x3F,0x06,0x5B,0x4F,0x66,0x6D,0X7D,0x07,0x7F,0x6F};
  18          
  19          //建立临时数组来储存数码管要显示值，数组多定义一个，避免越界
  20          u8 real[]={0x00,0x00,0x00};
  21          //软件延时用来消影，注意不能用定时器消影，因为定时器是要占用寄存器的
  22          void Delay(u8 xms)  //@11.0592MHz
  23          {
  24   1        while(xms)
  25   1        {
  26   2          unsigned char i, j;
  27   2      
  28   2          
  29   2          i = 2;
  30   2          j = 199;
  31   2          do
  32   2          {
  33   3            while (--j);
  34   3          } while (--i);
  35   2          xms--;
  36   2        }
  37   1      }
  38          void Timer0_Isr() interrupt 1
  39          {
  40   1        static u16 count = 0;
  41   1        TL0 = 0x18;       //设置定时初始值
  42   1        TH0 = 0xFC;   //设置定时初始值
  43   1        count++;
  44   1        if(clock==60)
  45   1        {
  46   2          clock = 0;
  47   2        }
  48   1        if(count==1000)
  49   1        {
  50   2          
  51   2          count = 0;
  52   2          clock++;
  53   2          
  54   2          
C51 COMPILER V9.57.0.0   MAIN                                                              12/17/2023 22:03:01 PAGE 2   

  55   2        }
  56   1        
  57   1      }
  58          
  59          void Timer0_Init()    //1毫秒@11.0592MHz
  60          {
  61   1        
  62   1        TMOD &= 0xF0;     //设置定时器模式
  63   1        TMOD |= 0x01;     //设置定时器模式
  64   1        TL0 = 0x18;       //设置定时初始值
  65   1        TH0 = 0xFC;       //设置定时初始值
  66   1        EA = 1;
  67   1        TF0 = 0;        //清除TF0标志
  68   1        TR0 = 1;        //定时器0开始计时
  69   1        ET0 = 1;  //使能定时器0中断
  70   1        PT0 = 0;
  71   1      }
  72          
  73          
  74          //显示数码管函数
  75          void display()
  76          {
  77   1        real[0]=X[clock/10];  //对定义的倒计时取各各位
  78   1        real[1]=X[clock%10];
  79   1        
  80   1        for(i=0;i<5;i++){   //显示数码管
  81   2            switch(i)
  82   2          {
  83   3            case 0:ADDR0=0;ADDR1=1;ADDR2=1;P0=real[1];Delay(10);break;
  84   3            case 1:ADDR0=1;ADDR1=0;ADDR2=0;P0=real[0];Delay(10);break;
  85   3            
  86   3            default:break;  
  87   3          }
  88   2          P0=0x00; //消影
  89   2        }
  90   1        
  91   1          
  92   1      }
  93          
  94          void main()
  95          {
  96   1        Timer0_Init();
  97   1        P0=0x00;
  98   1        while(1)
  99   1        {
 100   2          display();
 101   2        }
 102   1      
 103   1      }
 104          


MODULE INFORMATION:   STATIC OVERLAYABLE
   CODE SIZE        =    177    ----
   CONSTANT SIZE    =   ----    ----
   XDATA SIZE       =   ----    ----
   PDATA SIZE       =   ----    ----
   DATA SIZE        =     17       2
   IDATA SIZE       =   ----    ----
   BIT SIZE         =   ----    ----
END OF MODULE INFORMATION.


C51 COMPILATION COMPLETE.  0 WARNING(S),  0 ERROR(S)
